<?xml version="1.0" encoding="UTF-8"?>
<testsuite name="controller.TestWithInjection" tests="1" skipped="0" failures="0" errors="0" timestamp="2022-10-26T18:50:35" hostname="DESKTOP-OQ9HF9O" time="0.026">
  <properties/>
  <testcase name="libraryThrowsExceptionDuringCreationTest()" classname="controller.TestWithInjection" time="0.026"/>
  <system-out><![CDATA[]]></system-out>
  <system-err><![CDATA[]]></system-err>
</testsuite>
