<?xml version="1.0" encoding="UTF-8"?>
<testsuite name="controller.LibraryTest" tests="8" skipped="0" failures="0" errors="0" timestamp="2022-10-25T08:44:31" hostname="DESKTOP-OQ9HF9O" time="0.717">
  <properties/>
  <testcase name="libraryThrowsExceptionDuringCreationTest()" classname="controller.LibraryTest" time="0.599"/>
  <testcase name="printBookInfoAfterTakingBookTest()" classname="controller.LibraryTest" time="0.094"/>
  <testcase name="booksOrderSameWithBooksFromBookFactoryTest()" classname="controller.LibraryTest" time="0.004"/>
  <testcase name="addBookAddsBookToEmptyCell()" classname="controller.LibraryTest" time="0.002"/>
  <testcase name="addBookThrowsExceptionIfAllCellAreBusyTest()" classname="controller.LibraryTest" time="0.003"/>
  <testcase name="printBooksPrintsInfoAboutCellsInLibraryTest()" classname="controller.LibraryTest" time="0.004"/>
  <testcase name="getBookFromCellReturnBookFromCellTest()" classname="controller.LibraryTest" time="0.003"/>
  <testcase name="getBookFromEmptyCellThrowsExceptionTest()" classname="controller.LibraryTest" time="0.002"/>
  <system-out><![CDATA[]]></system-out>
  <system-err><![CDATA[]]></system-err>
</testsuite>
